Arguments: 
  /usr/local/bin/node /usr/local/Cellar/yarn/1.22.11/libexec/bin/yarn.js add -D recast

PATH: 
  /usr/local/bin:/usr/bin:/bin:/usr/sbin:/sbin:/usr/local/sbin

Yarn version: 
  1.22.11

Node version: 
  14.17.6

Platform: 
  darwin x64

Trace: 
  Error: https://registry.yarnpkg.com/@babel%2fgenerator: ETIMEDOUT
      at Timeout._onTimeout (/usr/local/Cellar/yarn/1.22.11/libexec/lib/cli.js:141423:19)
      at listOnTimeout (internal/timers.js:557:17)
      at processTimers (internal/timers.js:500:7)

npm manifest: 
  {
    "name": "webpack-test",
    "version": "1.0.0",
    "main": "index.js",
    "directories": {
      "doc": "docs"
    },
    "scripts": {
      "build": "webpack --config build/webpack.config.js",
      "test": "echo \"Error: no test specified\" && exit 1"
    },
    "author": "",
    "license": "ISC",
    "description": "",
    "devDependencies": {
      "@babel/generator": "^7.16.8",
      "@babel/parser": "^7.16.10",
      "@babel/traverse": "^7.16.10",
      "@babel/types": "^7.16.8",
      "clean-webpack-plugin": "^4.0.0",
      "html-webpack-plugin": "^5.5.0",
      "webpack": "^5.66.0",
      "webpack-cli": "^4.9.1"
    }
  }

yarn manifest: 
  No manifest

Lockfile: 
  No lockfile
